[11.06.23|13:07:28] Folder: "/db" FOUND
[11.06.23|13:07:28] DATABASE: "users.db" FOUND
[11.06.23|13:07:28] TABLE: "Users" FOUND
[11.06.23|13:07:28] DATABASE: "posts.db" FOUND
[11.06.23|13:07:28] TABLE: "Posts" FOUND
[11.06.23|13:07:28] DATABASE: "comments.db" FOUND
[11.06.23|13:07:28] TABLE: "Comments" FOUND
[11.06.23|13:11:25] Folder: "/db" FOUND
[11.06.23|13:11:25] DATABASE: "users.db" FOUND
[11.06.23|13:11:25] TABLE: "Users" FOUND
[11.06.23|13:11:25] DATABASE: "posts.db" FOUND
[11.06.23|13:11:25] TABLE: "Posts" FOUND
[11.06.23|13:11:25] DATABASE: "comments.db" FOUND
[11.06.23|13:11:25] TABLE: "Comments" FOUND
[11.06.23|13:11:25] Folder: "/db" FOUND
[11.06.23|13:11:25] DATABASE: "users.db" FOUND
[11.06.23|13:11:25] TABLE: "Users" FOUND
[11.06.23|13:11:25] DATABASE: "posts.db" FOUND
[11.06.23|13:11:25] TABLE: "Posts" FOUND
[11.06.23|13:11:25] DATABASE: "comments.db" FOUND
[11.06.23|13:11:25] TABLE: "Comments" FOUND
[11.06.23|13:11:53] 1 POINTS ADDED TO "natelis"
[11.06.23|13:11:53] USER: "natelis" LOGGED IN
[11.06.23|13:14:52] USER: "natelis" FOUND
[11.06.23|13:14:52] USER: "natelis"s PAGE LOADED
[11.06.23|18:15:04] USER: "natelis" LOGGED OUT
[11.06.23|18:15:09] 1 POINTS ADDED TO "natelis"
[11.06.23|18:15:09] USER: "natelis" LOGGED IN
[11.06.23|22:17:44] Folder: "/db" FOUND
[11.06.23|22:17:44] DATABASE: "users.db" FOUND
[11.06.23|22:17:44] TABLE: "Users" FOUND
[11.06.23|22:17:44] DATABASE: "posts.db" FOUND
[11.06.23|22:17:44] TABLE: "Posts" FOUND
[11.06.23|22:17:44] DATABASE: "comments.db" FOUND
[11.06.23|22:17:44] TABLE: "Comments" FOUND
[11.06.23|22:17:45] Folder: "/db" FOUND
[11.06.23|22:17:45] DATABASE: "users.db" FOUND
[11.06.23|22:17:45] TABLE: "Users" FOUND
[11.06.23|22:17:45] DATABASE: "posts.db" FOUND
[11.06.23|22:17:45] TABLE: "Posts" FOUND
[11.06.23|22:17:45] DATABASE: "comments.db" FOUND
[11.06.23|22:17:45] TABLE: "Comments" FOUND
[11.06.23|22:18:51] Folder: "/db" FOUND
[11.06.23|22:18:51] DATABASE: "users.db" FOUND
[11.06.23|22:18:51] TABLE: "Users" FOUND
[11.06.23|22:18:51] DATABASE: "posts.db" FOUND
[11.06.23|22:18:51] TABLE: "Posts" FOUND
[11.06.23|22:18:51] DATABASE: "comments.db" FOUND
[11.06.23|22:18:51] TABLE: "Comments" FOUND
[11.06.23|22:18:51] Folder: "/db" FOUND
[11.06.23|22:18:51] DATABASE: "users.db" FOUND
[11.06.23|22:18:51] TABLE: "Users" FOUND
[11.06.23|22:18:51] DATABASE: "posts.db" FOUND
[11.06.23|22:18:51] TABLE: "Posts" FOUND
[11.06.23|22:18:51] DATABASE: "comments.db" FOUND
[11.06.23|22:18:51] TABLE: "Comments" FOUND
[17.06.23|15:00:39] Folder: "/db" FOUND
[17.06.23|15:00:39] DATABASE: "users.db" FOUND
[17.06.23|15:00:39] TABLE: "Users" FOUND
[17.06.23|15:00:39] DATABASE: "posts.db" FOUND
[17.06.23|15:00:39] TABLE: "Posts" FOUND
[17.06.23|15:00:39] DATABASE: "comments.db" FOUND
[17.06.23|15:00:39] TABLE: "Comments" FOUND
[17.06.23|15:00:39] 404
[17.06.23|15:01:50] Folder: "/db" FOUND
[17.06.23|15:01:50] DATABASE: "users.db" FOUND
[17.06.23|15:01:50] TABLE: "Users" FOUND
[17.06.23|15:01:50] DATABASE: "posts.db" FOUND
[17.06.23|15:01:50] TABLE: "Posts" FOUND
[17.06.23|15:01:50] DATABASE: "comments.db" FOUND
[17.06.23|15:01:50] TABLE: "Comments" FOUND
[17.06.23|15:01:50] 404
[17.06.23|15:02:32] Folder: "/db" FOUND
[17.06.23|15:02:32] DATABASE: "users.db" FOUND
[17.06.23|15:02:32] TABLE: "Users" FOUND
[17.06.23|15:02:32] DATABASE: "posts.db" FOUND
[17.06.23|15:02:32] TABLE: "Posts" FOUND
[17.06.23|15:02:32] DATABASE: "comments.db" FOUND
[17.06.23|15:02:32] TABLE: "Comments" FOUND
[17.06.23|15:02:32] 404
[17.06.23|15:02:56] Folder: "/db" FOUND
[17.06.23|15:02:56] DATABASE: "users.db" FOUND
[17.06.23|15:02:56] TABLE: "Users" FOUND
[17.06.23|15:02:56] DATABASE: "posts.db" FOUND
[17.06.23|15:02:56] TABLE: "Posts" FOUND
[17.06.23|15:02:56] DATABASE: "comments.db" FOUND
[17.06.23|15:02:56] TABLE: "Comments" FOUND
[17.06.23|15:02:56] 404
[17.06.23|15:03:20] Folder: "/db" FOUND
[17.06.23|15:03:20] DATABASE: "users.db" FOUND
[17.06.23|15:03:20] TABLE: "Users" FOUND
[17.06.23|15:03:20] DATABASE: "posts.db" FOUND
[17.06.23|15:03:20] TABLE: "Posts" FOUND
[17.06.23|15:03:20] DATABASE: "comments.db" FOUND
[17.06.23|15:03:20] TABLE: "Comments" FOUND
[17.06.23|15:03:20] 404
[17.06.23|15:03:20] 404
[17.06.23|15:03:41] Folder: "/db" FOUND
[17.06.23|15:03:41] DATABASE: "users.db" FOUND
[17.06.23|15:03:41] TABLE: "Users" FOUND
[17.06.23|15:03:41] DATABASE: "posts.db" FOUND
[17.06.23|15:03:41] TABLE: "Posts" FOUND
[17.06.23|15:03:41] DATABASE: "comments.db" FOUND
[17.06.23|15:03:41] TABLE: "Comments" FOUND
[17.06.23|15:03:41] 404
[17.06.23|15:03:41] 404
[17.06.23|15:04:25] Folder: "/db" FOUND
[17.06.23|15:04:25] DATABASE: "users.db" FOUND
[17.06.23|15:04:25] TABLE: "Users" FOUND
[17.06.23|15:04:25] DATABASE: "posts.db" FOUND
[17.06.23|15:04:25] TABLE: "Posts" FOUND
[17.06.23|15:04:25] DATABASE: "comments.db" FOUND
[17.06.23|15:04:25] TABLE: "Comments" FOUND
[17.06.23|15:04:25] 404
[17.06.23|15:04:25] 404
[17.06.23|15:05:14] Folder: "/db" FOUND
[17.06.23|15:05:14] DATABASE: "users.db" FOUND
[17.06.23|15:05:14] TABLE: "Users" FOUND
[17.06.23|15:05:14] DATABASE: "posts.db" FOUND
[17.06.23|15:05:14] TABLE: "Posts" FOUND
[17.06.23|15:05:14] DATABASE: "comments.db" FOUND
[17.06.23|15:05:14] TABLE: "Comments" FOUND
[17.06.23|15:05:14] 404
[17.06.23|15:05:14] 404
[17.06.23|15:05:14] 404
[17.06.23|15:05:23] Folder: "/db" FOUND
[17.06.23|15:05:23] DATABASE: "users.db" FOUND
[17.06.23|15:05:23] TABLE: "Users" FOUND
[17.06.23|15:05:23] DATABASE: "posts.db" FOUND
[17.06.23|15:05:23] TABLE: "Posts" FOUND
[17.06.23|15:05:23] DATABASE: "comments.db" FOUND
[17.06.23|15:05:23] TABLE: "Comments" FOUND
[17.06.23|15:05:23] 404
[17.06.23|15:05:23] 404
[17.06.23|15:05:23] 404
[17.06.23|15:05:23] 404
[17.06.23|15:05:33] Folder: "/db" FOUND
[17.06.23|15:05:33] DATABASE: "users.db" FOUND
[17.06.23|15:05:33] TABLE: "Users" FOUND
[17.06.23|15:05:33] DATABASE: "posts.db" FOUND
[17.06.23|15:05:33] TABLE: "Posts" FOUND
[17.06.23|15:05:33] DATABASE: "comments.db" FOUND
[17.06.23|15:05:33] TABLE: "Comments" FOUND
[17.06.23|15:05:33] 404
[17.06.23|15:05:33] 404
[17.06.23|15:05:33] 404
[17.06.23|15:05:33] 404
[17.06.23|15:06:09] Folder: "/db" FOUND
[17.06.23|15:06:09] DATABASE: "users.db" FOUND
[17.06.23|15:06:09] TABLE: "Users" FOUND
[17.06.23|15:06:09] DATABASE: "posts.db" FOUND
[17.06.23|15:06:09] TABLE: "Posts" FOUND
[17.06.23|15:06:09] DATABASE: "comments.db" FOUND
[17.06.23|15:06:09] TABLE: "Comments" FOUND
[17.06.23|15:07:32] Folder: "/db" FOUND
[17.06.23|15:07:32] DATABASE: "users.db" FOUND
[17.06.23|15:07:32] TABLE: "Users" FOUND
[17.06.23|15:07:32] DATABASE: "posts.db" FOUND
[17.06.23|15:07:32] TABLE: "Posts" FOUND
[17.06.23|15:07:32] DATABASE: "comments.db" FOUND
[17.06.23|15:07:32] TABLE: "Comments" FOUND
[17.06.23|15:07:32] 404
[17.06.23|15:07:32] 404
[17.06.23|15:07:32] 404
[17.06.23|15:07:32] 404
[17.06.23|15:25:15] Folder: "/db" FOUND
[17.06.23|15:25:15] DATABASE: "users.db" FOUND
[17.06.23|15:25:15] TABLE: "Users" FOUND
[17.06.23|15:25:15] DATABASE: "posts.db" FOUND
[17.06.23|15:25:15] TABLE: "Posts" FOUND
[17.06.23|15:25:15] DATABASE: "comments.db" FOUND
[17.06.23|15:25:15] TABLE: "Comments" FOUND
[17.06.23|15:25:15] 404
[17.06.23|15:25:15] 404
[17.06.23|15:25:15] 404
[17.06.23|15:25:15] 404
[17.06.23|15:25:15] 404
[17.06.23|15:25:26] Folder: "/db" FOUND
[17.06.23|15:25:26] DATABASE: "users.db" FOUND
[17.06.23|15:25:26] TABLE: "Users" FOUND
[17.06.23|15:25:26] DATABASE: "posts.db" FOUND
[17.06.23|15:25:26] TABLE: "Posts" FOUND
[17.06.23|15:25:26] DATABASE: "comments.db" FOUND
[17.06.23|15:25:26] TABLE: "Comments" FOUND
[17.06.23|15:25:26] 404
[17.06.23|15:25:26] 404
[17.06.23|15:25:26] 404
[17.06.23|15:25:26] 404
[17.06.23|15:25:26] 404
[17.06.23|15:25:36] Folder: "/db" FOUND
[17.06.23|15:25:36] DATABASE: "users.db" FOUND
[17.06.23|15:25:36] TABLE: "Users" FOUND
[17.06.23|15:25:36] DATABASE: "posts.db" FOUND
[17.06.23|15:25:36] TABLE: "Posts" FOUND
[17.06.23|15:25:36] DATABASE: "comments.db" FOUND
[17.06.23|15:25:36] TABLE: "Comments" FOUND
[17.06.23|15:25:36] 404
[17.06.23|15:25:37] 404
[17.06.23|15:25:37] 404
[17.06.23|15:25:37] 404
[17.06.23|15:25:37] 404
[17.06.23|15:26:30] Folder: "/db" FOUND
[17.06.23|15:26:30] DATABASE: "users.db" FOUND
[17.06.23|15:26:30] TABLE: "Users" FOUND
[17.06.23|15:26:30] DATABASE: "posts.db" FOUND
[17.06.23|15:26:30] TABLE: "Posts" FOUND
[17.06.23|15:26:30] DATABASE: "comments.db" FOUND
[17.06.23|15:26:30] TABLE: "Comments" FOUND
[17.06.23|15:26:53] Folder: "/db" FOUND
[17.06.23|15:26:53] DATABASE: "users.db" FOUND
[17.06.23|15:26:53] TABLE: "Users" FOUND
[17.06.23|15:26:53] DATABASE: "posts.db" FOUND
[17.06.23|15:26:53] TABLE: "Posts" FOUND
[17.06.23|15:26:53] DATABASE: "comments.db" FOUND
[17.06.23|15:26:53] TABLE: "Comments" FOUND
[17.06.23|15:26:53] 404
[17.06.23|15:26:53] 404
[17.06.23|15:26:53] POST: "1" FOUND
[17.06.23|15:26:53] 404
[17.06.23|15:28:45] Folder: "/db" FOUND
[17.06.23|15:28:45] DATABASE: "users.db" FOUND
[17.06.23|15:28:45] TABLE: "Users" FOUND
[17.06.23|15:28:45] DATABASE: "posts.db" FOUND
[17.06.23|15:28:45] TABLE: "Posts" FOUND
[17.06.23|15:28:45] DATABASE: "comments.db" FOUND
[17.06.23|15:28:45] TABLE: "Comments" FOUND
[17.06.23|15:28:45] 404
[17.06.23|15:28:45] 404
[17.06.23|15:28:49] POST: "1" FOUND
[17.06.23|15:28:49] 404
[17.06.23|15:30:00] Folder: "/db" FOUND
[17.06.23|15:30:00] DATABASE: "users.db" FOUND
[17.06.23|15:30:00] TABLE: "Users" FOUND
[17.06.23|15:30:00] DATABASE: "posts.db" FOUND
[17.06.23|15:30:00] TABLE: "Posts" FOUND
[17.06.23|15:30:00] DATABASE: "comments.db" FOUND
[17.06.23|15:30:00] TABLE: "Comments" FOUND
[17.06.23|15:30:00] POST: "1" FOUND
[17.06.23|15:30:29] Folder: "/db" FOUND
[17.06.23|15:30:29] DATABASE: "users.db" FOUND
[17.06.23|15:30:29] TABLE: "Users" FOUND
[17.06.23|15:30:29] DATABASE: "posts.db" FOUND
[17.06.23|15:30:29] TABLE: "Posts" FOUND
[17.06.23|15:30:29] DATABASE: "comments.db" FOUND
[17.06.23|15:30:29] TABLE: "Comments" FOUND
[17.06.23|15:30:29] POST: "1" FOUND
[17.06.23|15:30:42] Folder: "/db" FOUND
[17.06.23|15:30:42] DATABASE: "users.db" FOUND
[17.06.23|15:30:42] TABLE: "Users" FOUND
[17.06.23|15:30:42] DATABASE: "posts.db" FOUND
[17.06.23|15:30:42] TABLE: "Posts" FOUND
[17.06.23|15:30:42] DATABASE: "comments.db" FOUND
[17.06.23|15:30:42] TABLE: "Comments" FOUND
[17.06.23|15:30:42] POST: "1" FOUND
[17.06.23|15:31:28] Folder: "/db" FOUND
[17.06.23|15:31:28] DATABASE: "users.db" FOUND
[17.06.23|15:31:28] TABLE: "Users" FOUND
[17.06.23|15:31:28] DATABASE: "posts.db" FOUND
[17.06.23|15:31:28] TABLE: "Posts" FOUND
[17.06.23|15:31:28] DATABASE: "comments.db" FOUND
[17.06.23|15:31:28] TABLE: "Comments" FOUND
[17.06.23|15:31:28] POST: "1" FOUND
[17.06.23|15:31:45] Folder: "/db" FOUND
[17.06.23|15:31:45] DATABASE: "users.db" FOUND
[17.06.23|15:31:45] TABLE: "Users" FOUND
[17.06.23|15:31:45] DATABASE: "posts.db" FOUND
[17.06.23|15:31:45] TABLE: "Posts" FOUND
[17.06.23|15:31:45] DATABASE: "comments.db" FOUND
[17.06.23|15:31:45] TABLE: "Comments" FOUND
[17.06.23|15:31:45] POST: "1" FOUND
[17.06.23|15:32:18] Folder: "/db" FOUND
[17.06.23|15:32:18] DATABASE: "users.db" FOUND
[17.06.23|15:32:18] TABLE: "Users" FOUND
[17.06.23|15:32:18] DATABASE: "posts.db" FOUND
[17.06.23|15:32:18] TABLE: "Posts" FOUND
[17.06.23|15:32:18] DATABASE: "comments.db" FOUND
[17.06.23|15:32:18] TABLE: "Comments" FOUND
[17.06.23|15:32:19] Folder: "/db" FOUND
[17.06.23|15:32:19] DATABASE: "users.db" FOUND
[17.06.23|15:32:19] TABLE: "Users" FOUND
[17.06.23|15:32:19] DATABASE: "posts.db" FOUND
[17.06.23|15:32:19] TABLE: "Posts" FOUND
[17.06.23|15:32:19] DATABASE: "comments.db" FOUND
[17.06.23|15:32:19] TABLE: "Comments" FOUND
[17.06.23|15:32:54] THIS USERNAME "test" IS UNAVAILABLE 
[17.06.23|15:33:07] USER: "test1234" ADDED TO DATABASE
[17.06.23|15:33:17] 1 POINTS ADDED TO "test1234"
[17.06.23|15:33:17] USER: "test1234" LOGGED IN
[17.06.23|15:33:36] POST: "test_title" POSTED
[17.06.23|15:33:36] 20 POINTS ADDED TO "test1234"
[17.06.23|15:33:59] Folder: "/db" FOUND
[17.06.23|15:33:59] DATABASE: "users.db" FOUND
[17.06.23|15:33:59] TABLE: "Users" FOUND
[17.06.23|15:33:59] DATABASE: "posts.db" FOUND
[17.06.23|15:33:59] TABLE: "Posts" FOUND
[17.06.23|15:33:59] DATABASE: "comments.db" FOUND
[17.06.23|15:33:59] TABLE: "Comments" FOUND
[17.06.23|15:34:06] Folder: "/db" FOUND
[17.06.23|15:34:06] DATABASE: "users.db" FOUND
[17.06.23|15:34:06] TABLE: "Users" FOUND
[17.06.23|15:34:06] DATABASE: "posts.db" FOUND
[17.06.23|15:34:06] TABLE: "Posts" FOUND
[17.06.23|15:34:06] DATABASE: "comments.db" FOUND
[17.06.23|15:34:06] TABLE: "Comments" FOUND
[17.06.23|15:34:07] Folder: "/db" FOUND
[17.06.23|15:34:07] DATABASE: "users.db" FOUND
[17.06.23|15:34:07] TABLE: "Users" FOUND
[17.06.23|15:34:07] DATABASE: "posts.db" FOUND
[17.06.23|15:34:07] TABLE: "Posts" FOUND
[17.06.23|15:34:07] DATABASE: "comments.db" FOUND
[17.06.23|15:34:07] TABLE: "Comments" FOUND
[17.06.23|15:34:08] Folder: "/db" FOUND
[17.06.23|15:34:08] DATABASE: "users.db" FOUND
[17.06.23|15:34:08] TABLE: "Users" FOUND
[17.06.23|15:34:08] DATABASE: "posts.db" FOUND
[17.06.23|15:34:08] TABLE: "Posts" FOUND
[17.06.23|15:34:08] DATABASE: "comments.db" FOUND
[17.06.23|15:34:08] TABLE: "Comments" FOUND
[17.06.23|15:34:14] Folder: "/db" FOUND
[17.06.23|15:34:14] DATABASE: "users.db" FOUND
[17.06.23|15:34:14] TABLE: "Users" FOUND
[17.06.23|15:34:14] DATABASE: "posts.db" FOUND
[17.06.23|15:34:14] TABLE: "Posts" FOUND
[17.06.23|15:34:14] DATABASE: "comments.db" FOUND
[17.06.23|15:34:14] TABLE: "Comments" FOUND
[17.06.23|15:34:14] POST: "2" FOUND
[17.06.23|15:35:15] 404
[17.06.23|15:35:15] POST: "2" FOUND
[17.06.23|15:35:15] 404
[17.06.23|15:35:35] Folder: "/db" FOUND
[17.06.23|15:35:35] DATABASE: "users.db" FOUND
[17.06.23|15:35:35] TABLE: "Users" FOUND
[17.06.23|15:35:35] DATABASE: "posts.db" FOUND
[17.06.23|15:35:35] TABLE: "Posts" FOUND
[17.06.23|15:35:35] DATABASE: "comments.db" FOUND
[17.06.23|15:35:35] TABLE: "Comments" FOUND
[17.06.23|15:35:35] Folder: "/db" FOUND
[17.06.23|15:35:35] DATABASE: "users.db" FOUND
[17.06.23|15:35:35] TABLE: "Users" FOUND
[17.06.23|15:35:35] DATABASE: "posts.db" FOUND
[17.06.23|15:35:35] TABLE: "Posts" FOUND
[17.06.23|15:35:35] DATABASE: "comments.db" FOUND
[17.06.23|15:35:35] TABLE: "Comments" FOUND
[17.06.23|15:35:35] POST: "1" FOUND
[17.06.23|15:36:02] Folder: "/db" FOUND
[17.06.23|15:36:02] DATABASE: "users.db" FOUND
[17.06.23|15:36:02] TABLE: "Users" FOUND
[17.06.23|15:36:02] DATABASE: "posts.db" FOUND
[17.06.23|15:36:02] TABLE: "Posts" FOUND
[17.06.23|15:36:02] DATABASE: "comments.db" FOUND
[17.06.23|15:36:02] TABLE: "Comments" FOUND
[17.06.23|15:36:11] Folder: "/db" FOUND
[17.06.23|15:36:11] DATABASE: "users.db" FOUND
[17.06.23|15:36:11] TABLE: "Users" FOUND
[17.06.23|15:36:11] DATABASE: "posts.db" FOUND
[17.06.23|15:36:11] TABLE: "Posts" FOUND
[17.06.23|15:36:11] DATABASE: "comments.db" FOUND
[17.06.23|15:36:11] TABLE: "Comments" FOUND
[17.06.23|15:36:22] Folder: "/db" FOUND
[17.06.23|15:36:22] DATABASE: "users.db" FOUND
[17.06.23|15:36:22] TABLE: "Users" FOUND
[17.06.23|15:36:22] DATABASE: "posts.db" FOUND
[17.06.23|15:36:22] TABLE: "Posts" FOUND
[17.06.23|15:36:22] DATABASE: "comments.db" FOUND
[17.06.23|15:36:22] TABLE: "Comments" FOUND
[17.06.23|15:36:23] Folder: "/db" FOUND
[17.06.23|15:36:23] DATABASE: "users.db" FOUND
[17.06.23|15:36:23] TABLE: "Users" FOUND
[17.06.23|15:36:23] DATABASE: "posts.db" FOUND
[17.06.23|15:36:23] TABLE: "Posts" FOUND
[17.06.23|15:36:23] DATABASE: "comments.db" FOUND
[17.06.23|15:36:23] TABLE: "Comments" FOUND
[17.06.23|15:36:28] Folder: "/db" FOUND
[17.06.23|15:36:28] DATABASE: "users.db" FOUND
[17.06.23|15:36:28] TABLE: "Users" FOUND
[17.06.23|15:36:28] DATABASE: "posts.db" FOUND
[17.06.23|15:36:28] TABLE: "Posts" FOUND
[17.06.23|15:36:28] DATABASE: "comments.db" FOUND
[17.06.23|15:36:28] TABLE: "Comments" FOUND
[17.06.23|15:36:28] 404
[17.06.23|15:36:28] 404
[17.06.23|15:36:28] POST: "1" FOUND
[17.06.23|15:36:28] 404
[17.06.23|15:36:46] Folder: "/db" FOUND
[17.06.23|15:36:46] DATABASE: "users.db" FOUND
[17.06.23|15:36:46] TABLE: "Users" FOUND
[17.06.23|15:36:46] DATABASE: "posts.db" FOUND
[17.06.23|15:36:46] TABLE: "Posts" FOUND
[17.06.23|15:36:46] DATABASE: "comments.db" FOUND
[17.06.23|15:36:46] TABLE: "Comments" FOUND
[17.06.23|15:36:46] 404
[17.06.23|15:36:46] 404
[17.06.23|15:36:46] POST: "1" FOUND
[17.06.23|15:36:46] 404
